2019-01-16 16:44:32|   0.0|  0.0|INFORM|FME 2019.0.0.0 Beta (20181109 - Build 19151 - macosx)
2019-01-16 16:44:32|   0.0|  0.0|INFORM|FME_HOME is '/Library/FME/2019.0 19151/'
2019-01-16 16:44:32|   0.0|  0.0|INFORM|FME Desktop Smallworld Edition (floating), FME Smallworld Edition (node locked-crc)
2019-01-16 16:44:32|   0.0|  0.0|INFORM|Serial Number: 12345
2019-01-16 16:44:32|   0.0|  0.0|INFORM|Permanent License.
2019-01-16 16:44:32|   0.0|  0.0|INFORM|Machine host name is: lupo.base.safe.com
2019-01-16 16:44:32|   0.0|  0.0|INFORM|START - ProcessID: 48236, peak process memory usage: 60892 kB, current process memory usage: 60892 kB
2019-01-16 16:44:32|   0.0|  0.0|INFORM|FME Configuration: Command line arguments are `/Library/FME/2019.0 19151//bin/fme' `/Users/nhildebrand/Documents/Web Demos/uscensus-explorer/fme/wb-xlate-1547685871529_48075' `LOG_STANDARDOUT' `YES' `LogCountServerName' `{2e92f19a-5c70-46cf-98c5-29b364d7d729}' `LOG_TIMINGS' `Yes'
2019-01-16 16:44:32|   0.0|  0.0|INFORM|FME Configuration: Connection Storage: '/Users/nhildebrand/Documents/Connection Files'
2019-01-16 16:44:32|   0.1|  0.1|INFORM|Shared folders for formats are : /Library/FME/2019.0 19151/datasources;/Users/nhildebrand/Documents/FME/Transformers/Formats;/Users/nhildebrand/Documents/FME/Formats;/Users/nhildebrand/Library/Caches/Safe Software/FME/FME Store/Formats;/Users/nhildebrand/Library/Application Support/FME/Formats
2019-01-16 16:44:32|   0.1|  0.0|INFORM|Shared folders for transformers are : /Users/nhildebrand/Library/Caches/Safe Software/FME/Packages/19151-macosx/transformers/safe.robj-detect-pkg;/Library/FME/2019.0 19151/transformers;/Users/nhildebrand/Documents/FME/Transformers;/Users/nhildebrand/Library/Application Support/FME/Transformers;/Users/nhildebrand/Library/Caches/Safe Software/FME/FME Store/Transformers
2019-01-16 16:44:32|   0.1|  0.0|INFORM|Shared folders for coordinate systems are : /Users/nhildebrand/Documents/FME/Transformers/CoordinateSystems;/Users/nhildebrand/Documents/FME/CoordinateSystems;/Users/nhildebrand/Library/Application Support/FME/CoordinateSystems
2019-01-16 16:44:32|   0.1|  0.0|INFORM|Shared folders for coordinate system exceptions are : /Users/nhildebrand/Documents/FME/Transformers/CoordinateSystemExceptions;/Users/nhildebrand/Documents/FME/CoordinateSystemExceptions;/Users/nhildebrand/Library/Application Support/FME/CoordinateSystemExceptions
2019-01-16 16:44:32|   0.1|  0.0|INFORM|Shared folders for coordinate system grid overrides are : /Users/nhildebrand/Documents/FME/Transformers/CoordinateSystemGridOverrides;/Users/nhildebrand/Documents/FME/CoordinateSystemGridOverrides;/Users/nhildebrand/Library/Application Support/FME/CoordinateSystemGridOverrides
2019-01-16 16:44:32|   0.1|  0.0|INFORM|Shared folders for CS-MAP transformation exceptions are : /Users/nhildebrand/Documents/FME/Transformers/CsmapTransformationExceptions;/Users/nhildebrand/Documents/FME/CsmapTransformationExceptions;/Users/nhildebrand/Library/Application Support/FME/CsmapTransformationExceptions
2019-01-16 16:44:32|   0.1|  0.0|INFORM|Shared folders for transformer categories are : /Users/nhildebrand/Documents/FME/Transformers/TransformerCategories;/Users/nhildebrand/Documents/FME/TransformerCategories;/Users/nhildebrand/Library/Application Support/FME/TransformerCategories
2019-01-16 16:44:32|   0.1|  0.0|INFORM|FME Configuration: Reader Keyword is `MULTI_READER'
2019-01-16 16:44:32|   0.1|  0.0|INFORM|FME Configuration: Writer Keyword is `MULTI_WRITER'
2019-01-16 16:44:32|   0.1|  0.0|INFORM|FME Configuration: Writer Group Definition Keyword is `MULTI_WRITER_DEF'
2019-01-16 16:44:32|   0.1|  0.0|INFORM|FME Configuration: Reader type is `MULTI_READER'
2019-01-16 16:44:32|   0.1|  0.0|INFORM|FME Configuration: Writer type is `MULTI_WRITER'
2019-01-16 16:44:32|   0.1|  0.0|INFORM|FME Configuration: No destination coordinate system set
2019-01-16 16:44:32|   0.1|  0.0|INFORM|FME Configuration: Current working folder is `/Users/nhildebrand/Documents/Web Demos/uscensus-explorer/fme'
2019-01-16 16:44:32|   0.1|  0.0|INFORM|FME Configuration: Temporary folder is in the system location `/private/tmp'
2019-01-16 16:44:32|   0.1|  0.0|INFORM|FME Configuration: FME_HOME is `/Library/FME/2019.0 19151/'
2019-01-16 16:44:32|   0.1|  0.0|INFORM|FME Configuration: FME_BASE is 'no'
2019-01-16 16:44:32|   0.1|  0.0|INFORM|FME Configuration: FME_MF_DIR is '/Users/nhildebrand/Documents/Web Demos/uscensus-explorer/fme/'
2019-01-16 16:44:32|   0.1|  0.0|INFORM|FME Configuration: FME_MF_NAME is 'uscensus.fmw'
2019-01-16 16:44:32|   0.1|  0.0|INFORM|FME Configuration: FME_PRODUCT_NAME is 'FME(R) 2019.0.0.0'
2019-01-16 16:44:32|   0.1|  0.0|INFORM|System Status: 185.65 TB of disk space available in the FME temporary folder (/private/tmp)
2019-01-16 16:44:32|   0.1|  0.0|INFORM|System Status: 758.85 GB of virtual memory available
2019-01-16 16:44:32|   0.1|  0.0|INFORM|Operating System: Mac OS X Version 10.12.6 (Build 16G1710)
2019-01-16 16:44:32|   0.1|  0.0|INFORM|FME Platform: macosx
2019-01-16 16:44:32|   0.1|  0.0|INFORM|Locale: en_CA
2019-01-16 16:44:32|   0.1|  0.0|INFORM|FME Configuration: Process limit is 16.00 GB of physical memory
2019-01-16 16:44:32|   0.1|  0.0|INFORM|FME Configuration: Start freeing memory when process usage exceeds 757.68 GB of virtual memory
2019-01-16 16:44:32|   0.1|  0.0|INFORM|FME Configuration: Stop freeing memory when process usage is below 568.26 GB of virtual memory
2019-01-16 16:44:32|   0.1|  0.0|INFORM|Creating writer for format: 
2019-01-16 16:44:32|   0.1|  0.0|INFORM|Creating reader for format: 
2019-01-16 16:44:32|   0.1|  0.0|INFORM|MULTI_READER(MULTI_READER): Will fail with first member reader failure
2019-01-16 16:44:32|   0.1|  0.0|INFORM|Using Multi Reader with keyword `MULTI_READER' to read multiple datasets
2019-01-16 16:44:32|   0.1|  0.0|INFORM|Using MultiWriter with keyword `MULTI_WRITER' to output data (ID_ATTRIBUTE is `multi_writer_id')
2019-01-16 16:44:32|   0.1|  0.0|INFORM|Writer output will be ordered by value of multi_writer_id
2019-01-16 16:44:32|   0.1|  0.0|INFORM|DYLD_LIBRARY_PATH is not set
2019-01-16 16:44:32|   0.1|  0.0|INFORM|Loaded module 'LogCount_func' from file '/Library/FME/2019.0 19151//plugins/logcount_func.so'
2019-01-16 16:44:32|   0.1|  0.0|INFORM|FME API version of module 'LogCount_func' matches current internal version (3.8 20181030)
2019-01-16 16:44:32|   0.2|  0.0|INFORM|Loaded module 'Geometry_func' from file '/Library/FME/2019.0 19151//plugins/geometry_func.so'
2019-01-16 16:44:32|   0.2|  0.0|INFORM|FME API version of module 'Geometry_func' matches current internal version (3.8 20181030)
2019-01-16 16:44:32|   0.2|  0.0|INFORM|Loaded module 'JSONQueryFactory' from file '/Library/FME/2019.0 19151//plugins/jsonqueryfactory.so'
2019-01-16 16:44:32|   0.2|  0.0|INFORM|FME API version of module 'JSONQueryFactory' matches current internal version (3.8 20181030)
2019-01-16 16:44:32|   0.2|  0.0|INFORM|Loaded module 'VertexCreatorFactory' from file '/Library/FME/2019.0 19151//plugins/vertexcreatorfactory.so'
2019-01-16 16:44:32|   0.2|  0.0|INFORM|FME API version of module 'VertexCreatorFactory' matches current internal version (3.8 20181030)
2019-01-16 16:44:32|   0.2|  0.0|INFORM|FME Configuration: Using FME Reprojection Engine
2019-01-16 16:44:32|   0.3|  0.1|INFORM|Loaded module 'QueryFactory' from file '/Library/FME/2019.0 19151//plugins/queryfactory.so'
2019-01-16 16:44:32|   0.3|  0.0|INFORM|FME API version of module 'QueryFactory' matches current internal version (3.8 20181030)
2019-01-16 16:44:32|   0.4|  0.1|INFORM|Loaded module 'HTTPFactory' from file '/Library/FME/2019.0 19151//plugins/httpfactory.so'
2019-01-16 16:44:32|   0.4|  0.0|INFORM|FME API version of module 'HTTPFactory' matches current internal version (3.8 20181030)
2019-01-16 16:44:32|   0.4|  0.0|INFORM|FME API version of module 'JSONQueryFactory' matches current internal version (3.8 20181030)
2019-01-16 16:44:32|   0.4|  0.0|INFORM|... Last line repeated 2 times ...
2019-01-16 16:44:32|   0.4|  0.0|INFORM|Emptying factory pipeline
2019-01-16 16:44:32|   0.4|  0.0|STATS |Router and Unexpected Input Remover(RoutingFactory): Tested 0 input feature(s), wrote 0 output feature(s): 0 matched merge filters, 0 were routed to output, 0 could not be routed.
2019-01-16 16:44:32|   0.4|  0.0|STATS |Unexpected Input Remover Nuker(TeeFactory): Cloned 0 input feature(s) into 0 output feature(s)
2019-01-16 16:44:32|   0.4|  0.0|STATS |Storing feature(s) to FME feature store file `/private/tmp/wb-cache-uscensus-oustPk/Main_Creator -1 3 fo 0 CREATED  0  29f8047b3be5b67f20e348e3b3b645c8c4c464cf.ffsupdating'
2019-01-16 16:44:32|   0.4|  0.0|STATS |Storing feature(s) to FME feature store file `/private/tmp/wb-cache-uscensus-oustPk/Main_ParameterFetcher -1 11 fo 0 OUTPUT  0  84172ce6ae4ce79cf57c61c509099d34f0f81e35.ffsupdating'
2019-01-16 16:44:32|   0.4|  0.0|STATS |Storing feature(s) to FME feature store file `/private/tmp/wb-cache-uscensus-oustPk/Main_JSONFragmenter -1 8 fo 0 FRAGMENTS  0  ab7c4e6dce9c7bd401355b89a0fbdd289d8751e7.ffsupdating'
2019-01-16 16:44:32|   0.4|  0.0|STATS |Storing feature(s) to FME feature store file `/private/tmp/wb-cache-uscensus-oustPk/USCensusCaller_Points 0 2 0  0  .ffsupdating'
2019-01-16 16:44:32|   0.4|  0.0|STATS |Storing feature(s) to FME feature store file `/private/tmp/wb-cache-uscensus-oustPk/USCensusCaller_CoordinateExtractor 0 9 fo 0 OUTPUT  0  .ffsupdating'
2019-01-16 16:44:32|   0.5|  0.0|STATS |Storing feature(s) to FME feature store file `/private/tmp/wb-cache-uscensus-oustPk/USCensusCaller_VertexCreator 0 8 fo 0 OUTPUT  0  .ffsupdating'
2019-01-16 16:44:32|   0.6|  0.2|INFORM|CS-MAP Reprojector: Transformation will be automatically selected for 'LL84' -> 'EPSG:3857', and is not guaranteed to remain the same in future releases of FME
2019-01-16 16:44:32|   0.6|  0.0|INFORM|Reprojector: Using transformation `WGS84_SPHERICAL_to_WGS84_FME,Inverse(Null)' when reprojecting from LL84 to EPSG:3857
2019-01-16 16:44:32|   0.6|  0.0|STATS |Storing feature(s) to FME feature store file `/private/tmp/wb-cache-uscensus-oustPk/USCensusCaller_CsmapReprojector 0 10 fo 0 REPROJECTED  0  .ffsupdating'
2019-01-16 16:44:32|   0.7|  0.0|STATS |Storing feature(s) to FME feature store file `/private/tmp/wb-cache-uscensus-oustPk/USCensusCaller_CoordinateConcatenator 0 28 fo 0 OUTPUT  0  .ffsupdating'
2019-01-16 16:44:32|   0.7|  0.0|STATS |Storing feature(s) to FME feature store file `/private/tmp/wb-cache-uscensus-oustPk/USCensusCaller_AttributeCreator 0 6 fo 0 OUTPUT  0  .ffsupdating'
2019-01-16 16:44:33|   0.8|  0.1|INFORM|Potentially retrieving dataset 'https://tigerweb.geo.census.gov/arcgis/rest/services/Generalized_ACS2016/Tracts_Blocks/MapServer/4/query?where=1%3D1&geometry=-12822770.117008029,4776091.275370953&geometryType=esriGeometryPoint&inSR=esriSpatialRelIntersects&outFields=*&returnGeometry=true&returnTrueCurves=false&returnIdsOnly=false&returnCountOnly=false&returnZ=false&returnM=false&returnDistinctValues=false&f=geojson' for reader R_1
2019-01-16 16:44:33|   0.8|  0.0|INFORM|Retrieved file /private/tmp/FME_TempFileStore_1547685872901_48236/query for reader R_1
2019-01-16 16:44:33|   0.8|  0.0|INFORM|Creating reader for format: GeoJSON (Geographic JavaScript Object Notation)
2019-01-16 16:44:33|   0.8|  0.0|INFORM|Trying to find a DYNAMIC plugin for reader named `GEOJSON'
2019-01-16 16:44:33|   0.8|  0.0|INFORM|Loaded module 'GEOJSON' from file '/Library/FME/2019.0 19151//plugins/json.so'
2019-01-16 16:44:33|   0.8|  0.0|INFORM|FME API version of module 'GEOJSON' matches current internal version (3.8 20181030)
2019-01-16 16:44:33|   0.8|  0.0|INFORM|Performing query against GEOJSON dataset `https://tigerweb.geo.census.gov/arcgis/rest/services/Generalized_ACS2016/Tracts_Blocks/MapServer/4/query?where=1%3D1&geometry=-12822770.117008029,4776091.275370953&geometryType=esriGeometryPoint&inSR=esriSpatialRelIntersects&outFields=*&returnGeometry=true&returnTrueCurves=false&returnIdsOnly=false&returnCountOnly=false&returnZ=false&returnM=false&returnDistinctValues=false&f=geojson'
2019-01-16 16:44:33|   0.8|  0.0|INFORM|Potentially retrieving dataset 'https://tigerweb.geo.census.gov/arcgis/rest/services/Generalized_ACS2016/Tracts_Blocks/MapServer/4/query?where=1%3D1&geometry=-12822770.117008029,4776091.275370953&geometryType=esriGeometryPoint&inSR=esriSpatialRelIntersects&outFields=*&returnGeometry=true&returnTrueCurves=false&returnIdsOnly=false&returnCountOnly=false&returnZ=false&returnM=false&returnDistinctValues=false&f=geojson' for reader R_2
2019-01-16 16:44:33|   0.8|  0.0|INFORM|Retrieved file /private/tmp/FME_TempFileStore_1547685872901_48236/query for reader R_2
2019-01-16 16:44:33|   0.8|  0.0|INFORM|Creating reader for format: GeoJSON (Geographic JavaScript Object Notation)
2019-01-16 16:44:33|   0.8|  0.0|INFORM|Trying to find a DYNAMIC plugin for reader named `GEOJSON'
2019-01-16 16:44:33|   0.8|  0.0|INFORM|FME API version of module 'GEOJSON' matches current internal version (3.8 20181030)
2019-01-16 16:44:33|   0.8|  0.0|INFORM|Opening the GEOJSON reader with source dataset '/private/tmp/FME_TempFileStore_1547685872901_48236/query'
2019-01-16 16:44:33|   0.9|  0.0|INFORM|FME Configuration: Source coordinate system for reader R_2[GEOJSON] set to `EPSG:4326' as read from input data
2019-01-16 16:44:33|   0.9|  0.0|INFORM|Coordinate System `EPSG:4326' parameters: CS_NAME=`LL-WGS84' DESC_NM=`WGS84 Lat/Longs' DT_NAME=`WGS84' GROUP=`LL' MAP_SCL=`1' PROJ=`LL' QUAD=`1' SCL_RED=`1' UNIT=`DEGREE' 
2019-01-16 16:44:33|   0.9|  0.0|INFORM|Potentially retrieving dataset 'https://tigerweb.geo.census.gov/arcgis/rest/services/Generalized_ACS2016/Tracts_Blocks/MapServer/4/query?where=1%3D1&geometry=-12822770.117008029,4776091.275370953&geometryType=esriGeometryPoint&inSR=esriSpatialRelIntersects&outFields=*&returnGeometry=true&returnTrueCurves=false&returnIdsOnly=false&returnCountOnly=false&returnZ=false&returnM=false&returnDistinctValues=false&f=geojson' for reader R_2
2019-01-16 16:44:34|   0.9|  0.0|INFORM|Retrieved file /private/tmp/FME_TempFileStore_1547685872901_48236/query for reader R_2
2019-01-16 16:44:34|   0.9|  0.0|INFORM|Creating reader for format: GeoJSON (Geographic JavaScript Object Notation)
2019-01-16 16:44:34|   0.9|  0.0|INFORM|Trying to find a DYNAMIC plugin for reader named `GEOJSON'
2019-01-16 16:44:34|   0.9|  0.0|INFORM|FME API version of module 'GEOJSON' matches current internal version (3.8 20181030)
2019-01-16 16:44:34|   0.9|  0.0|INFORM|Opening the GEOJSON reader with source dataset '/private/tmp/FME_TempFileStore_1547685872901_48236/query'
2019-01-16 16:44:34|   0.9|  0.0|INFORM|Closing the GEOJSON reader
2019-01-16 16:44:34|   0.9|  0.0|INFORM|Merged 1 schema features read from 1 datasets into 1 resulting feature types
2019-01-16 16:44:34|   0.9|  0.0|STATS |Storing feature(s) to FME feature store file `/private/tmp/wb-cache-uscensus-oustPk/USCensusCaller_FeatureReader 0 29 fo 0 _lt_SCHEMA_gt_  0  .ffsupdating'
2019-01-16 16:44:34|   0.9|  0.0|STATS |Storing feature(s) to FME feature store file `/private/tmp/wb-cache-uscensus-oustPk/USCensusCaller_FeatureReader 0 29 fo 1 _lt_OTHER_gt_  0  .ffsupdating'
2019-01-16 16:44:34|   0.9|  0.0|STATS |Storing feature(s) to FME feature store file `/private/tmp/wb-cache-uscensus-oustPk/USCensusCaller_FeatureReader 0 29 fo 2 INITIATOR  0  .ffsupdating'
2019-01-16 16:44:34|   0.9|  0.0|STATS |Creator_XML_Creator(CreationFactory): Created 1 features
2019-01-16 16:44:34|   0.9|  0.0|STATS |Creator_Cloner(TeeFactory): Cloned 1 input feature(s) into 1 output feature(s)
2019-01-16 16:44:34|   0.9|  0.0|STATS |Creator_CREATED Feature Counter -1 12(TeeFactory): Cloned 1 input feature(s) into 1 output feature(s)
2019-01-16 16:44:34|   0.9|  0.0|STATS |Creator_CREATED Brancher -1 12(BranchingFactory): Branched 1 input feature -- 1 feature routed to the target factory, and 0 features routed to the fallback factory.
2019-01-16 16:44:34|   0.9|  0.0|STATS |_CREATOR_BRANCH_TARGET(TeeFactory): Cloned 1 input feature(s) into 1 output feature(s)
2019-01-16 16:44:34|   0.9|  0.0|STATS |ParameterFetcher(TeeFactory): Cloned 1 input feature(s) into 1 output feature(s)
2019-01-16 16:44:34|   0.9|  0.0|STATS |ParameterFetcher_OUTPUT Feature Counter -1 13(TeeFactory): Cloned 1 input feature(s) into 1 output feature(s)
2019-01-16 16:44:34|   0.9|  0.0|STATS |JSONFragmenter_FRAGMENTS Feature Counter -1 10(TeeFactory): Cloned 1 input feature(s) into 1 output feature(s)
2019-01-16 16:44:34|   0.9|  0.0|STATS |JSONFragmenter_<REJECTED> Feature Counter -1 2147680264(TeeFactory): Cloned 0 input feature(s) into 0 output feature(s)
2019-01-16 16:44:34|   0.9|  0.0|STATS |SimpleUSCensusCaller Points Input Collector(TeeFactory): Cloned 1 input feature(s) into 1 output feature(s)
2019-01-16 16:44:34|   0.9|  0.0|STATS |SimpleUSCensusCaller_Points1547685871 Input Splitter(TeeFactory): Cloned 1 input feature(s) into 1 output feature(s)
2019-01-16 16:44:34|   0.9|  0.0|STATS |SimpleUSCensusCaller_Points Feature Counter 0 32(TeeFactory): Cloned 1 input feature(s) into 1 output feature(s)
2019-01-16 16:44:34|   0.9|  0.0|STATS |SimpleUSCensusCaller_CoordinateExtractor_TESTZDEFAULT(TestFactory): Tested 1 input feature(s) -- 1 feature(s) passed and 0 feature(s) failed
2019-01-16 16:44:34|   0.9|  0.0|STATS |SimpleUSCensusCaller_CoordinateExtractor_TESTMODE(TestFactory): Tested 1 input feature(s) -- 1 feature(s) passed and 0 feature(s) failed
2019-01-16 16:44:34|   0.9|  0.0|STATS |SimpleUSCensusCaller_CoordinateExtractor_LIST(TestFactory): Tested 1 input feature(s) -- 1 feature(s) passed and 0 feature(s) failed
2019-01-16 16:44:34|   0.9|  0.0|STATS |SimpleUSCensusCaller_CoordinateExtractor_SPECIFIC(TestFactory): Tested 0 input feature(s) -- 0 feature(s) passed and 0 feature(s) failed
2019-01-16 16:44:34|   0.9|  0.0|STATS |SimpleUSCensusCaller_CoordinateExtractor_SPECIFIC_2D_3D(TestFactory): Tested 0 input feature(s) -- 0 feature(s) passed and 0 feature(s) failed
2019-01-16 16:44:34|   0.9|  0.0|STATS |SimpleUSCensusCaller_CoordinateExtractor_SPECIFIC_2D(ExecuteFunctionFactory): Executed FME Functions on 0 input feature(s) -- 0 feature(s) completed and 0 feature(s) rejected
2019-01-16 16:44:34|   0.9|  0.0|STATS |SimpleUSCensusCaller_CoordinateExtractor_SPECIFIC_3D(ExecuteFunctionFactory): Executed FME Functions on 0 input feature(s) -- 0 feature(s) completed and 0 feature(s) rejected
2019-01-16 16:44:34|   0.9|  0.0|STATS |SimpleUSCensusCaller_CoordinateExtractor_OUTPUT Feature Counter 0 38(TeeFactory): Cloned 1 input feature(s) into 1 output feature(s)
2019-01-16 16:44:34|   0.9|  0.0|STATS |SimpleUSCensusCaller_CoordinateExtractor_<REJECTED> Feature Counter 0 2147680265(TeeFactory): Cloned 0 input feature(s) into 0 output feature(s)
2019-01-16 16:44:34|   0.9|  0.0|STATS |SimpleUSCensusCaller_VertexCreator_OUTPUT Feature Counter 0 37(TeeFactory): Cloned 1 input feature(s) into 1 output feature(s)
2019-01-16 16:44:34|   0.9|  0.0|STATS |SimpleUSCensusCaller_VertexCreator_<REJECTED> Feature Counter 0 2147680264(TeeFactory): Cloned 0 input feature(s) into 0 output feature(s)
2019-01-16 16:44:34|   0.9|  0.0|STATS |SimpleUSCensusCaller_CsmapReprojector(TeeFactory): Cloned 1 input feature(s) into 1 output feature(s)
2019-01-16 16:44:34|   0.9|  0.0|STATS |SimpleUSCensusCaller_CsmapReprojector_REPROJECTED Feature Counter 0 40(TeeFactory): Cloned 1 input feature(s) into 1 output feature(s)
2019-01-16 16:44:34|   0.9|  0.0|STATS |SimpleUSCensusCaller_CoordinateConcatenator(TeeFactory): Cloned 1 input feature(s) into 1 output feature(s)
2019-01-16 16:44:34|   0.9|  0.0|STATS |SimpleUSCensusCaller_CoordinateConcatenator_OUTPUT Feature Counter 0 41(TeeFactory): Cloned 1 input feature(s) into 1 output feature(s)
2019-01-16 16:44:34|   0.9|  0.0|STATS |SimpleUSCensusCaller_AttributeCreator_OUTPUT Feature Counter 0 35(TeeFactory): Cloned 1 input feature(s) into 1 output feature(s)
2019-01-16 16:44:34|   0.9|  0.0|INFORM|Closing the GEOJSON reader
2019-01-16 16:44:34|   0.9|  0.0|STATS |SimpleUSCensusCaller_FeatureReader_<SCHEMA> Feature Counter 0 2147614749(TeeFactory): Cloned 1 input feature(s) into 0 output feature(s)
2019-01-16 16:44:34|   0.9|  0.0|STATS |SimpleUSCensusCaller_FeatureReader_<OTHER> Feature Counter 0 59(TeeFactory): Cloned 1 input feature(s) into 1 output feature(s)
2019-01-16 16:44:34|   0.9|  0.0|STATS |SimpleUSCensusCaller_FeatureReader_INITIATOR Feature Counter 0 2147745821(TeeFactory): Cloned 1 input feature(s) into 0 output feature(s)
2019-01-16 16:44:34|   0.9|  0.0|STATS |SimpleUSCensusCaller_FeatureReader_<REJECTED> Feature Counter 0 2147811357(TeeFactory): Cloned 0 input feature(s) into 0 output feature(s)
2019-01-16 16:44:34|   0.9|  0.0|STATS |SimpleUSCensusCaller_Dissolver(PolygonDissolveFactory): Dissolving 1 input polygon(s) across 1 group(s)
2019-01-16 16:44:34|   0.9|  0.0|INFORM|SimpleUSCensusCaller_Dissolver(PolygonDissolveFactory): If the input dataset is large or complex, the dissolver could run for extended periods of time without logging
2019-01-16 16:44:34|   0.9|  0.0|STATS |Storing feature(s) to FME feature store file `/private/tmp/wb-cache-uscensus-oustPk/USCensusCaller_Dissolver 0 20 fo 0 AREA  0  .ffsupdating'
2019-01-16 16:44:34|   0.9|  0.0|STATS |Storing feature(s) to FME feature store file `/private/tmp/wb-cache-uscensus-oustPk/USCensusCaller_AttributeCreator_2 0 7 fo 0 OUTPUT  0  .ffsupdating'
2019-01-16 16:44:34|   0.9|  0.0|INFORM|SimpleUSCensusCaller_HTTPCaller_2(HTTPFactory): HTTP/FTP Transfer: Downloading resource 'https://api.census.gov/data/2016/pdb/blockgroup?get=County_name,State_name,LAND_AREA,Block_Group,Tot_Population_ACS_10_14,Males_ACS_10_14,Females_ACS_10_14,Pop_65plus_ACS_10_14,Pop_under_5_ACS_10_14,Pop_5_17_ACS_10_14,Pop_18_24_ACS_10_14,Pop_25_44_ACS_10_14,Pop_45_64_ACS_10_14,Pop_65plus_ACS_10_14,NH_White_alone_ACS_10_14,NH_Blk_alone_ACS_10_14,NH_AIAN_alone_ACS_10_14,NH_Asian_alone_ACS_10_14,NH_NHOPI_alone_ACS_10_14,NH_SOR_alone_ACS_10_14,Hispanic_ACS_10_14,Tot_Housing_Units_ACS_10_14,Tot_Vacant_Units_ACS_10_14,Owner_Occp_HU_ACS_10_14,Renter_Occp_HU_ACS_10_14,Tot_Vacant_Units_ACS_10_14,avg_Tot_Prns_in_HHD_ACS_10_14,Med_HHD_Inc_BG_ACS_10_14,Prs_Blw_Pov_Lev_ACS_10_14,Med_House_Value_BG_ACS_10_14,Not_HS_Grad_ACS_10_14,College_ACS_10_14,No_Health_Ins_ACS_10_14&for=block+group:4&in=state:32&in=county:033&in=tract:970200&key=' to internal memory buffer
2019-01-16 16:44:34|   0.9|  0.0|INFORM|SimpleUSCensusCaller_HTTPCaller_2(HTTPFactory): HTTP transfer summary - status code: 200, download size: '1073 bytes', DNS lookup time: '0.165972 seconds', total transfer time: '0.589775 seconds', url: 'https://api.census.gov/data/2016/pdb/blockgroup?get=County_name,State_name,LAND_AREA,Block_Group,Tot_Population_ACS_10_14,Males_ACS_10_14,Females_ACS_10_14,Pop_65plus_ACS_10_14,Pop_under_5_ACS_10_14,Pop_5_17_ACS_10_14,Pop_18_24_ACS_10_14,Pop_25_44_ACS_10_14,Pop_45_64_ACS_10_14,Pop_65plus_ACS_10_14,NH_White_alone_ACS_10_14,NH_Blk_alone_ACS_10_14,NH_AIAN_alone_ACS_10_14,NH_Asian_alone_ACS_10_14,NH_NHOPI_alone_ACS_10_14,NH_SOR_alone_ACS_10_14,Hispanic_ACS_10_14,Tot_Housing_Units_ACS_10_14,Tot_Vacant_Units_ACS_10_14,Owner_Occp_HU_ACS_10_14,Renter_Occp_HU_ACS_10_14,Tot_Vacant_Units_ACS_10_14,avg_Tot_Prns_in_HHD_ACS_10_14,Med_HHD_Inc_BG_ACS_10_14,Prs_Blw_Pov_Lev_ACS_10_14,Med_House_Value_BG_ACS_10_14,Not_HS_Grad_ACS_10_14,College_ACS_10_14,No_Health_Ins_ACS_10_14&for=block+group:4&in=state:32&in=county:033&in=tract:970200&key='
2019-01-16 16:44:34|   0.9|  0.0|STATS |Storing feature(s) to FME feature store file `/private/tmp/wb-cache-uscensus-oustPk/USCensusCaller_HTTPCaller_2 0 5 fo 0 Output  0  .ffsupdating'
2019-01-16 16:44:34|   0.9|  0.0|STATS |Storing feature(s) to FME feature store file `/private/tmp/wb-cache-uscensus-oustPk/USCensusCaller_StringConcatenator 0 21 fo 0 OUTPUT  0  .ffsupdating'
2019-01-16 16:44:34|   0.9|  0.0|STATS |Storing feature(s) to FME feature store file `/private/tmp/wb-cache-uscensus-oustPk/USCensusCaller_JSONExtractor 0 16 fo 0 EVALUATED  0  .ffsupdating'
2019-01-16 16:44:34|   1.0|  0.0|STATS |Storing feature(s) to FME feature store file `/private/tmp/wb-cache-uscensus-oustPk/USCensusCaller_JSONFragmenter_4 0 17 fo 0 FRAGMENTS  0  .ffsupdating'
2019-01-16 16:44:34|   1.0|  0.0|WARN  |SimpleUSCensusCaller_JSONExtractor_2(JSONQueryFactory): The JSON query 'json[@Value(json_index)]' contains an invalid index at column 6.  An index must be a non-negative integer, a quoted string, or a * (wildcard) character
2019-01-16 16:44:34|   1.0|  0.0|STATS |Storing feature(s) to FME feature store file `/private/tmp/wb-cache-uscensus-oustPk/USCensusCaller_JSONExtractor_2 0 18 fo 1 _lt_REJECTED_gt_  0  .ffsupdating'
2019-01-16 16:44:34|   1.0|  0.0|WARN  |SimpleUSCensusCaller_JSONExtractor_2(JSONQueryFactory): The JSON query 'json[@Value(json_index)]' contains an invalid index at column 6.  An index must be a non-negative integer, a quoted string, or a * (wildcard) character
2019-01-16 16:44:34|   1.0|  0.0|WARN  |... Last line repeated 35 times ...
2019-01-16 16:44:34|   1.0|  0.0|STATS |SimpleUSCensusCaller_Dissolver(PolygonDissolveFactory): Completed polygon dissolve on all groups
2019-01-16 16:44:34|   1.0|  0.0|STATS |SimpleUSCensusCaller_Dissolver_AREA Feature Counter 0 45(TeeFactory): Cloned 1 input feature(s) into 1 output feature(s)
2019-01-16 16:44:34|   1.0|  0.0|STATS |SimpleUSCensusCaller_Dissolver_REMNANTS Feature Counter 0 2147680276(TeeFactory): Cloned 0 input feature(s) into 0 output feature(s)
2019-01-16 16:44:34|   1.0|  0.0|STATS |SimpleUSCensusCaller_Dissolver_<REJECTED> Feature Counter 0 2147745812(TeeFactory): Cloned 0 input feature(s) into 0 output feature(s)
2019-01-16 16:44:34|   1.0|  0.0|STATS |SimpleUSCensusCaller_AttributeCreator_2_OUTPUT Feature Counter 0 36(TeeFactory): Cloned 1 input feature(s) into 1 output feature(s)
2019-01-16 16:44:34|   1.0|  0.0|STATS |SimpleUSCensusCaller_HTTPCaller_2_Output Feature Counter 0 34(TeeFactory): Cloned 1 input feature(s) into 1 output feature(s)
2019-01-16 16:44:34|   1.0|  0.0|STATS |SimpleUSCensusCaller_HTTPCaller_2_<REJECTED> Feature Counter 0 2147680261(TeeFactory): Cloned 0 input feature(s) into 0 output feature(s)
2019-01-16 16:44:34|   1.0|  0.0|STATS |SimpleUSCensusCaller_StringConcatenator(TeeFactory): Cloned 1 input feature(s) into 1 output feature(s)
2019-01-16 16:44:34|   1.0|  0.0|STATS |SimpleUSCensusCaller_StringConcatenator_OUTPUT Feature Counter 0 54(TeeFactory): Cloned 1 input feature(s) into 1 output feature(s)
2019-01-16 16:44:34|   1.0|  0.0|STATS |SimpleUSCensusCaller_JSONExtractor_EVALUATED Feature Counter 0 56(TeeFactory): Cloned 1 input feature(s) into 1 output feature(s)
2019-01-16 16:44:34|   1.0|  0.0|STATS |SimpleUSCensusCaller_JSONExtractor_<REJECTED> Feature Counter 0 2147680272(TeeFactory): Cloned 0 input feature(s) into 0 output feature(s)
2019-01-16 16:44:34|   1.0|  0.0|STATS |SimpleUSCensusCaller_JSONFragmenter_4_FRAGMENTS Feature Counter 0 58(TeeFactory): Cloned 37 input feature(s) into 37 output feature(s)
2019-01-16 16:44:34|   1.0|  0.0|STATS |SimpleUSCensusCaller_JSONFragmenter_4_<REJECTED> Feature Counter 0 2147680273(TeeFactory): Cloned 0 input feature(s) into 0 output feature(s)
2019-01-16 16:44:34|   1.0|  0.0|STATS |SimpleUSCensusCaller_JSONExtractor_2_EVALUATED Feature Counter 0 57(TeeFactory): Cloned 0 input feature(s) into 0 output feature(s)
2019-01-16 16:44:34|   1.0|  0.0|STATS |SimpleUSCensusCaller_JSONExtractor_2_<REJECTED> Feature Counter 0 2147680274(TeeFactory): Cloned 37 input feature(s) into 0 output feature(s)
2019-01-16 16:44:34|   1.0|  0.0|STATS |SimpleUSCensusCaller_AttributeCreator_9_OUTPUT Feature Counter 0 52(TeeFactory): Cloned 0 input feature(s) into 0 output feature(s)
2019-01-16 16:44:34|   1.0|  0.0|STATS |SimpleUSCensusCaller_Dissolver_2_AREA Feature Counter 0 44(TeeFactory): Cloned 0 input feature(s) into 0 output feature(s)
2019-01-16 16:44:34|   1.0|  0.0|STATS |SimpleUSCensusCaller_Dissolver_2_REMNANTS Feature Counter 0 2147680286(TeeFactory): Cloned 0 input feature(s) into 0 output feature(s)
2019-01-16 16:44:34|   1.0|  0.0|STATS |SimpleUSCensusCaller_Dissolver_2_<REJECTED> Feature Counter 0 2147745822(TeeFactory): Cloned 0 input feature(s) into 0 output feature(s)
2019-01-16 16:44:34|   1.0|  0.0|STATS |SimpleUSCensusCaller_AttributeManager_2_OUTPUT Feature Counter 0 43(TeeFactory): Cloned 0 input feature(s) into 0 output feature(s)
2019-01-16 16:44:34|   1.0|  0.0|STATS |SimpleUSCensusCaller_AttributeExposer(TeeFactory): Cloned 0 input feature(s) into 0 output feature(s)
2019-01-16 16:44:34|   1.0|  0.0|STATS |SimpleUSCensusCaller_AttributeExposer_OUTPUT Feature Counter 0 48(TeeFactory): Cloned 0 input feature(s) into 0 output feature(s)
2019-01-16 16:44:34|   1.0|  0.0|STATS |SimpleUSCensusCaller_AttributeRenamer_OUTPUT Feature Counter 0 49(TeeFactory): Cloned 0 input feature(s) into 0 output feature(s)
2019-01-16 16:44:34|   1.0|  0.0|STATS |SimpleUSCensusCaller_Areas1547685871 Output Collector(TeeFactory): Cloned 0 input feature(s) into 0 output feature(s)
2019-01-16 16:44:34|   1.0|  0.0|STATS |SimpleUSCensusCaller Areas Output Renamer/Nuker(TeeFactory): Cloned 0 input feature(s) into 0 output feature(s)
2019-01-16 16:44:34|   1.0|  0.0|STATS |Stored 37 feature(s) to FME feature store file `/private/tmp/wb-cache-uscensus-oustPk/USCensusCaller_JSONFragmenter_4 0 17 fo 0 FRAGMENTS  0  .ffsupdating'
2019-01-16 16:44:34|   1.0|  0.0|INFORM|Saving spatial index into file '/private/tmp/wb-cache-uscensus-oustPk/USCensusCaller_JSONFragmenter_4 0 17 fo 0 FRAGMENTS  0  .fsi'
2019-01-16 16:44:34|   1.0|  0.0|INFORM|Finished saving spatial index into file '/private/tmp/wb-cache-uscensus-oustPk/USCensusCaller_JSONFragmenter_4 0 17 fo 0 FRAGMENTS  0  .fsi'
2019-01-16 16:44:34|   1.0|  0.0|STATS |Stored 1 feature(s) to FME feature store file `/private/tmp/wb-cache-uscensus-oustPk/USCensusCaller_JSONExtractor 0 16 fo 0 EVALUATED  0  .ffsupdating'
2019-01-16 16:44:34|   1.0|  0.0|INFORM|Saving spatial index into file '/private/tmp/wb-cache-uscensus-oustPk/USCensusCaller_JSONExtractor 0 16 fo 0 EVALUATED  0  .fsi'
2019-01-16 16:44:34|   1.0|  0.0|INFORM|Finished saving spatial index into file '/private/tmp/wb-cache-uscensus-oustPk/USCensusCaller_JSONExtractor 0 16 fo 0 EVALUATED  0  .fsi'
2019-01-16 16:44:34|   1.0|  0.0|STATS |Stored 1 feature(s) to FME feature store file `/private/tmp/wb-cache-uscensus-oustPk/USCensusCaller_StringConcatenator 0 21 fo 0 OUTPUT  0  .ffsupdating'
2019-01-16 16:44:34|   1.0|  0.0|INFORM|Saving spatial index into file '/private/tmp/wb-cache-uscensus-oustPk/USCensusCaller_StringConcatenator 0 21 fo 0 OUTPUT  0  .fsi'
2019-01-16 16:44:34|   1.0|  0.0|INFORM|Finished saving spatial index into file '/private/tmp/wb-cache-uscensus-oustPk/USCensusCaller_StringConcatenator 0 21 fo 0 OUTPUT  0  .fsi'
2019-01-16 16:44:34|   1.0|  0.0|STATS |Stored 1 feature(s) to FME feature store file `/private/tmp/wb-cache-uscensus-oustPk/USCensusCaller_AttributeCreator_2 0 7 fo 0 OUTPUT  0  .ffsupdating'
2019-01-16 16:44:34|   1.0|  0.0|INFORM|Saving spatial index into file '/private/tmp/wb-cache-uscensus-oustPk/USCensusCaller_AttributeCreator_2 0 7 fo 0 OUTPUT  0  .fsi'
2019-01-16 16:44:34|   1.0|  0.0|INFORM|Finished saving spatial index into file '/private/tmp/wb-cache-uscensus-oustPk/USCensusCaller_AttributeCreator_2 0 7 fo 0 OUTPUT  0  .fsi'
2019-01-16 16:44:34|   1.0|  0.0|STATS |Stored 1 feature(s) to FME feature store file `/private/tmp/wb-cache-uscensus-oustPk/USCensusCaller_Dissolver 0 20 fo 0 AREA  0  .ffsupdating'
2019-01-16 16:44:34|   1.0|  0.0|INFORM|Saving spatial index into file '/private/tmp/wb-cache-uscensus-oustPk/USCensusCaller_Dissolver 0 20 fo 0 AREA  0  .fsi'
2019-01-16 16:44:34|   1.0|  0.0|INFORM|Finished saving spatial index into file '/private/tmp/wb-cache-uscensus-oustPk/USCensusCaller_Dissolver 0 20 fo 0 AREA  0  .fsi'
2019-01-16 16:44:34|   1.0|  0.0|STATS |Stored 1 feature(s) to FME feature store file `/private/tmp/wb-cache-uscensus-oustPk/USCensusCaller_FeatureReader 0 29 fo 2 INITIATOR  0  .ffsupdating'
2019-01-16 16:44:34|   1.0|  0.0|INFORM|Saving spatial index into file '/private/tmp/wb-cache-uscensus-oustPk/USCensusCaller_FeatureReader 0 29 fo 2 INITIATOR  0  .fsi'
2019-01-16 16:44:34|   1.0|  0.0|INFORM|Finished saving spatial index into file '/private/tmp/wb-cache-uscensus-oustPk/USCensusCaller_FeatureReader 0 29 fo 2 INITIATOR  0  .fsi'
2019-01-16 16:44:34|   1.0|  0.0|STATS |Stored 1 feature(s) to FME feature store file `/private/tmp/wb-cache-uscensus-oustPk/USCensusCaller_FeatureReader 0 29 fo 0 _lt_SCHEMA_gt_  0  .ffsupdating'
2019-01-16 16:44:34|   1.0|  0.0|INFORM|Saving spatial index into file '/private/tmp/wb-cache-uscensus-oustPk/USCensusCaller_FeatureReader 0 29 fo 0 _lt_SCHEMA_gt_  0  .fsi'
2019-01-16 16:44:34|   1.0|  0.0|INFORM|Finished saving spatial index into file '/private/tmp/wb-cache-uscensus-oustPk/USCensusCaller_FeatureReader 0 29 fo 0 _lt_SCHEMA_gt_  0  .fsi'
2019-01-16 16:44:34|   1.0|  0.0|STATS |Stored 1 feature(s) to FME feature store file `/private/tmp/wb-cache-uscensus-oustPk/USCensusCaller_AttributeCreator 0 6 fo 0 OUTPUT  0  .ffsupdating'
2019-01-16 16:44:34|   1.0|  0.0|INFORM|Saving spatial index into file '/private/tmp/wb-cache-uscensus-oustPk/USCensusCaller_AttributeCreator 0 6 fo 0 OUTPUT  0  .fsi'
2019-01-16 16:44:34|   1.0|  0.0|INFORM|Finished saving spatial index into file '/private/tmp/wb-cache-uscensus-oustPk/USCensusCaller_AttributeCreator 0 6 fo 0 OUTPUT  0  .fsi'
2019-01-16 16:44:34|   1.0|  0.0|STATS |Stored 1 feature(s) to FME feature store file `/private/tmp/wb-cache-uscensus-oustPk/USCensusCaller_Points 0 2 0  0  .ffsupdating'
2019-01-16 16:44:34|   1.0|  0.0|INFORM|Saving spatial index into file '/private/tmp/wb-cache-uscensus-oustPk/USCensusCaller_Points 0 2 0  0  .fsi'
2019-01-16 16:44:34|   1.0|  0.0|INFORM|Finished saving spatial index into file '/private/tmp/wb-cache-uscensus-oustPk/USCensusCaller_Points 0 2 0  0  .fsi'
2019-01-16 16:44:34|   1.0|  0.0|STATS |Stored 1 feature(s) to FME feature store file `/private/tmp/wb-cache-uscensus-oustPk/USCensusCaller_CoordinateConcatenator 0 28 fo 0 OUTPUT  0  .ffsupdating'
2019-01-16 16:44:34|   1.0|  0.0|INFORM|Saving spatial index into file '/private/tmp/wb-cache-uscensus-oustPk/USCensusCaller_CoordinateConcatenator 0 28 fo 0 OUTPUT  0  .fsi'
2019-01-16 16:44:34|   1.0|  0.0|INFORM|Finished saving spatial index into file '/private/tmp/wb-cache-uscensus-oustPk/USCensusCaller_CoordinateConcatenator 0 28 fo 0 OUTPUT  0  .fsi'
2019-01-16 16:44:34|   1.0|  0.0|STATS |Stored 1 feature(s) to FME feature store file `/private/tmp/wb-cache-uscensus-oustPk/USCensusCaller_CsmapReprojector 0 10 fo 0 REPROJECTED  0  .ffsupdating'
2019-01-16 16:44:34|   1.0|  0.0|INFORM|Saving spatial index into file '/private/tmp/wb-cache-uscensus-oustPk/USCensusCaller_CsmapReprojector 0 10 fo 0 REPROJECTED  0  .fsi'
2019-01-16 16:44:34|   1.0|  0.0|INFORM|Finished saving spatial index into file '/private/tmp/wb-cache-uscensus-oustPk/USCensusCaller_CsmapReprojector 0 10 fo 0 REPROJECTED  0  .fsi'
2019-01-16 16:44:34|   1.0|  0.0|STATS |Stored 1 feature(s) to FME feature store file `/private/tmp/wb-cache-uscensus-oustPk/Main_JSONFragmenter -1 8 fo 0 FRAGMENTS  0  ab7c4e6dce9c7bd401355b89a0fbdd289d8751e7.ffsupdating'
2019-01-16 16:44:34|   1.0|  0.0|INFORM|Saving spatial index into file '/private/tmp/wb-cache-uscensus-oustPk/Main_JSONFragmenter -1 8 fo 0 FRAGMENTS  0  ab7c4e6dce9c7bd401355b89a0fbdd289d8751e7.fsi'
2019-01-16 16:44:34|   1.0|  0.0|INFORM|Finished saving spatial index into file '/private/tmp/wb-cache-uscensus-oustPk/Main_JSONFragmenter -1 8 fo 0 FRAGMENTS  0  ab7c4e6dce9c7bd401355b89a0fbdd289d8751e7.fsi'
2019-01-16 16:44:34|   1.0|  0.0|STATS |Stored 1 feature(s) to FME feature store file `/private/tmp/wb-cache-uscensus-oustPk/USCensusCaller_HTTPCaller_2 0 5 fo 0 Output  0  .ffsupdating'
2019-01-16 16:44:34|   1.0|  0.0|INFORM|Saving spatial index into file '/private/tmp/wb-cache-uscensus-oustPk/USCensusCaller_HTTPCaller_2 0 5 fo 0 Output  0  .fsi'
2019-01-16 16:44:34|   1.0|  0.0|INFORM|Finished saving spatial index into file '/private/tmp/wb-cache-uscensus-oustPk/USCensusCaller_HTTPCaller_2 0 5 fo 0 Output  0  .fsi'
2019-01-16 16:44:34|   1.0|  0.0|STATS |Stored 1 feature(s) to FME feature store file `/private/tmp/wb-cache-uscensus-oustPk/USCensusCaller_FeatureReader 0 29 fo 1 _lt_OTHER_gt_  0  .ffsupdating'
2019-01-16 16:44:34|   1.0|  0.0|INFORM|Saving spatial index into file '/private/tmp/wb-cache-uscensus-oustPk/USCensusCaller_FeatureReader 0 29 fo 1 _lt_OTHER_gt_  0  .fsi'
2019-01-16 16:44:34|   1.0|  0.0|INFORM|Finished saving spatial index into file '/private/tmp/wb-cache-uscensus-oustPk/USCensusCaller_FeatureReader 0 29 fo 1 _lt_OTHER_gt_  0  .fsi'
2019-01-16 16:44:34|   1.0|  0.0|STATS |Stored 1 feature(s) to FME feature store file `/private/tmp/wb-cache-uscensus-oustPk/USCensusCaller_VertexCreator 0 8 fo 0 OUTPUT  0  .ffsupdating'
2019-01-16 16:44:34|   1.0|  0.0|INFORM|Saving spatial index into file '/private/tmp/wb-cache-uscensus-oustPk/USCensusCaller_VertexCreator 0 8 fo 0 OUTPUT  0  .fsi'
2019-01-16 16:44:34|   1.0|  0.0|INFORM|Finished saving spatial index into file '/private/tmp/wb-cache-uscensus-oustPk/USCensusCaller_VertexCreator 0 8 fo 0 OUTPUT  0  .fsi'
2019-01-16 16:44:34|   1.0|  0.0|STATS |Stored 1 feature(s) to FME feature store file `/private/tmp/wb-cache-uscensus-oustPk/USCensusCaller_CoordinateExtractor 0 9 fo 0 OUTPUT  0  .ffsupdating'
2019-01-16 16:44:34|   1.0|  0.0|INFORM|Saving spatial index into file '/private/tmp/wb-cache-uscensus-oustPk/USCensusCaller_CoordinateExtractor 0 9 fo 0 OUTPUT  0  .fsi'
2019-01-16 16:44:34|   1.0|  0.0|INFORM|Finished saving spatial index into file '/private/tmp/wb-cache-uscensus-oustPk/USCensusCaller_CoordinateExtractor 0 9 fo 0 OUTPUT  0  .fsi'
2019-01-16 16:44:34|   1.0|  0.0|STATS |Stored 1 feature(s) to FME feature store file `/private/tmp/wb-cache-uscensus-oustPk/Main_ParameterFetcher -1 11 fo 0 OUTPUT  0  84172ce6ae4ce79cf57c61c509099d34f0f81e35.ffsupdating'
2019-01-16 16:44:34|   1.0|  0.0|INFORM|Saving spatial index into file '/private/tmp/wb-cache-uscensus-oustPk/Main_ParameterFetcher -1 11 fo 0 OUTPUT  0  84172ce6ae4ce79cf57c61c509099d34f0f81e35.fsi'
2019-01-16 16:44:34|   1.0|  0.0|INFORM|Finished saving spatial index into file '/private/tmp/wb-cache-uscensus-oustPk/Main_ParameterFetcher -1 11 fo 0 OUTPUT  0  84172ce6ae4ce79cf57c61c509099d34f0f81e35.fsi'
2019-01-16 16:44:34|   1.0|  0.0|STATS |Stored 37 feature(s) to FME feature store file `/private/tmp/wb-cache-uscensus-oustPk/USCensusCaller_JSONExtractor_2 0 18 fo 1 _lt_REJECTED_gt_  0  .ffsupdating'
2019-01-16 16:44:34|   1.0|  0.0|INFORM|Saving spatial index into file '/private/tmp/wb-cache-uscensus-oustPk/USCensusCaller_JSONExtractor_2 0 18 fo 1 _lt_REJECTED_gt_  0  .fsi'
2019-01-16 16:44:34|   1.0|  0.0|INFORM|Finished saving spatial index into file '/private/tmp/wb-cache-uscensus-oustPk/USCensusCaller_JSONExtractor_2 0 18 fo 1 _lt_REJECTED_gt_  0  .fsi'
2019-01-16 16:44:34|   1.0|  0.0|STATS |Stored 1 feature(s) to FME feature store file `/private/tmp/wb-cache-uscensus-oustPk/Main_Creator -1 3 fo 0 CREATED  0  29f8047b3be5b67f20e348e3b3b645c8c4c464cf.ffsupdating'
2019-01-16 16:44:34|   1.0|  0.0|INFORM|Saving spatial index into file '/private/tmp/wb-cache-uscensus-oustPk/Main_Creator -1 3 fo 0 CREATED  0  29f8047b3be5b67f20e348e3b3b645c8c4c464cf.fsi'
2019-01-16 16:44:34|   1.0|  0.0|INFORM|Finished saving spatial index into file '/private/tmp/wb-cache-uscensus-oustPk/Main_Creator -1 3 fo 0 CREATED  0  29f8047b3be5b67f20e348e3b3b645c8c4c464cf.fsi'
2019-01-16 16:44:34|   1.0|  0.0|STATS |SimpleUSCensusCaller Areas Splitter(TeeFactory): Cloned 0 input feature(s) into 0 output feature(s)
2019-01-16 16:44:34|   1.0|  0.0|STATS |SimpleUSCensusCaller_Areas_0_GDHGi+ZVeP4= Feature Counter -1 9(TeeFactory): Cloned 0 input feature(s) into 0 output feature(s)
2019-01-16 16:44:34|   1.0|  0.0|STATS |SimpleUSCensusCaller_Areas_1_4ZZ5d8aAcxc= Feature Counter -1 16(TeeFactory): Cloned 0 input feature(s) into 0 output feature(s)
2019-01-16 16:44:34|   1.0|  0.0|STATS |Destination Feature Type Routing Correlator(RoutingFactory): Tested 0 input feature(s), wrote 0 output feature(s): 0 matched merge filters, 0 were routed to output, 0 could not be routed.
2019-01-16 16:44:34|   1.0|  0.0|STATS |Final Output Nuker(TeeFactory): Cloned 0 input feature(s) into 0 output feature(s)
2019-01-16 16:44:34|   1.0|  0.0|STATS |=-=-=-=-=-=-=-=-=-=-=-=-=-=-=-=-=-=-=-=-=-=-=-=-=-=-=-=-=-=-=-=-=-=-=-=-=-=-=-
2019-01-16 16:44:34|   1.0|  0.0|STATS |                            Features Read Summary
2019-01-16 16:44:34|   1.0|  0.0|STATS |=-=-=-=-=-=-=-=-=-=-=-=-=-=-=-=-=-=-=-=-=-=-=-=-=-=-=-=-=-=-=-=-=-=-=-=-=-=-=-
2019-01-16 16:44:34|   1.0|  0.0|STATS |==============================================================================
2019-01-16 16:44:34|   1.0|  0.0|STATS |Total Features Read                                                          0
2019-01-16 16:44:34|   1.0|  0.0|STATS |=-=-=-=-=-=-=-=-=-=-=-=-=-=-=-=-=-=-=-=-=-=-=-=-=-=-=-=-=-=-=-=-=-=-=-=-=-=-=-
2019-01-16 16:44:34|   1.0|  0.0|STATS |=-=-=-=-=-=-=-=-=-=-=-=-=-=-=-=-=-=-=-=-=-=-=-=-=-=-=-=-=-=-=-=-=-=-=-=-=-=-=-
2019-01-16 16:44:34|   1.0|  0.0|STATS |                           Features Written Summary
2019-01-16 16:44:34|   1.0|  0.0|STATS |=-=-=-=-=-=-=-=-=-=-=-=-=-=-=-=-=-=-=-=-=-=-=-=-=-=-=-=-=-=-=-=-=-=-=-=-=-=-=-
2019-01-16 16:44:34|   1.0|  0.0|STATS |==============================================================================
2019-01-16 16:44:34|   1.0|  0.0|STATS |Total Features Written                                                       0
2019-01-16 16:44:34|   1.0|  0.0|STATS |=-=-=-=-=-=-=-=-=-=-=-=-=-=-=-=-=-=-=-=-=-=-=-=-=-=-=-=-=-=-=-=-=-=-=-=-=-=-=-
2019-01-16 16:44:34|   1.0|  0.0|WARN  |-~-~-~-~-~-~-~-~-~-~-~-~-~-~-~-~-~-~-~-~-~-~-~-~-~-~-~-~-~-~-~-~-~-~-~-~-~-~-~-~-
2019-01-16 16:44:34|   1.0|  0.0|WARN  |-~                                                                             ~-
2019-01-16 16:44:34|   1.0|  0.0|WARN  |-~    Feature caches have been recorded at every stage of the translation.     ~-
2019-01-16 16:44:34|   1.0|  0.0|WARN  |-~                      To inspect the recorded features,                      ~-
2019-01-16 16:44:34|   1.0|  0.0|WARN  |-~              click the feature cache icons next to the ports.               ~-
2019-01-16 16:44:34|   1.0|  0.0|WARN  |-~                                                                             ~-
2019-01-16 16:44:34|   1.0|  0.0|WARN  |-~-~-~-~-~-~-~-~-~-~-~-~-~-~-~-~-~-~-~-~-~-~-~-~-~-~-~-~-~-~-~-~-~-~-~-~-~-~-~-~-
2019-01-16 16:44:34|   1.0|  0.0|INFORM|Translation was SUCCESSFUL with 10 warning(s) (0 feature(s) output)
2019-01-16 16:44:34|   1.0|  0.0|INFORM|FME Session Duration: 2.9 seconds. (CPU: 0.8s user, 0.2s system)
2019-01-16 16:44:34|   1.0|  0.0|INFORM|END - ProcessID: 48236, peak process memory usage: 116792 kB, current process memory usage: 116792 kB
